#-----------------------------------------------------------
# Vivado v2016.2 (64-bit)
# SW Build 1577090 on Thu Jun  2 16:32:40 MDT 2016
# IP Build 1577682 on Fri Jun  3 12:00:54 MDT 2016
# Start of session at: Sun Jul 02 17:00:18 2023
# Process ID: 12632
# Current directory: C:/Users/YangJie/Desktop/doing/CPU/CPU/test/CPU
# Command line: vivado.exe -gui_launcher_event rodinguilauncherevent26040 C:\Users\YangJie\Desktop\doing\CPU\CPU\test\CPU\CPU.xpr
# Log file: C:/Users/YangJie/Desktop/doing/CPU/CPU/test/CPU/vivado.log
# Journal file: C:/Users/YangJie/Desktop/doing/CPU/CPU/test/CPU\vivado.jou
#-----------------------------------------------------------
start_gui
open_project C:/Users/YangJie/Desktop/doing/CPU/CPU/test/CPU/CPU.xpr
Scanning sources...
Finished scanning sources
INFO: [IP_Flow 19-234] Refreshing IP repositories
INFO: [IP_Flow 19-1704] No user IP repositories specified
INFO: [IP_Flow 19-2313] Loaded Vivado IP repository 'C:/Xilinx/Vivado/2016.2/data/ip'.
open_project: Time (s): cpu = 00:00:38 ; elapsed = 00:00:12 . Memory (MB): peak = 898.273 ; gain = 178.180
update_compile_order -fileset sources_1
exit
INFO: [Common 17-206] Exiting Vivado at Sun Jul 02 17:02:04 2023...
