#-----------------------------------------------------------
# Vivado v2016.2 (64-bit)
# SW Build 1577090 on Thu Jun  2 16:32:40 MDT 2016
# IP Build 1577682 on Fri Jun  3 12:00:54 MDT 2016
# Start of session at: Sun Jul 02 16:23:23 2023
# Process ID: 11480
# Current directory: C:/Users/YangJie/Desktop/doing/CPU/CPU/test/CPU
# Command line: vivado.exe -gui_launcher_event rodinguilauncherevent15176 C:\Users\YangJie\Desktop\doing\CPU\CPU\test\CPU\CPU.xpr
# Log file: C:/Users/YangJie/Desktop/doing/CPU/CPU/test/CPU/vivado.log
# Journal file: C:/Users/YangJie/Desktop/doing/CPU/CPU/test/CPU\vivado.jou
#-----------------------------------------------------------
start_gui
open_project C:/Users/YangJie/Desktop/doing/CPU/CPU/test/CPU/CPU.xpr
CRITICAL WARNING: [Project 1-19] Could not find the file 'C:/Users/YangJie/Desktop/doing/23-54/32_clz.hex.coe'.
CRITICAL WARNING: [Project 1-19] Could not find the file 'C:/Users/YangJie/Desktop/doing/23-54/33_divu.hex.coe'.
CRITICAL WARNING: [Project 1-19] Could not find the file 'C:/Users/YangJie/Desktop/doing/23-54/35_jalr.hex.coe'.
CRITICAL WARNING: [Project 1-19] Could not find the file 'C:/Users/YangJie/Desktop/doing/23-54/36.39_lbsb2.hex.coe'.
CRITICAL WARNING: [Project 1-19] Could not find the file 'C:/Users/YangJie/Desktop/doing/23-54/36.39_lbsb.hex.coe'.
CRITICAL WARNING: [Project 1-19] Could not find the file 'C:/Users/YangJie/Desktop/doing/23-54/37_lbu2.hex.coe'.
CRITICAL WARNING: [Project 1-19] Could not find the file 'C:/Users/YangJie/Desktop/doing/23-54/37_lbu.hex.coe'.
CRITICAL WARNING: [Project 1-19] Could not find the file 'C:/Users/YangJie/Desktop/doing/23-54/38_lhu2.hex.coe'.
CRITICAL WARNING: [Project 1-19] Could not find the file 'C:/Users/YangJie/Desktop/doing/23-54/38_lhu.hex.coe'.
CRITICAL WARNING: [Project 1-19] Could not find the file 'C:/Users/YangJie/Desktop/doing/23-54/40.41_lhsh2.hex.coe'.
CRITICAL WARNING: [Project 1-19] Could not find the file 'C:/Users/YangJie/Desktop/doing/23-54/40.41_lhsh.hex.coe'.
CRITICAL WARNING: [Project 1-19] Could not find the file 'C:/Users/YangJie/Desktop/doing/23-54/42.45_mfc0mtc0.hex.coe'.
CRITICAL WARNING: [Project 1-19] Could not find the file 'C:/Users/YangJie/Desktop/doing/23-54/43.46_mfhi.mthi.hex.coe'.
CRITICAL WARNING: [Project 1-19] Could not find the file 'C:/Users/YangJie/Desktop/doing/23-54/44.47_mflo.mtlo.hex.coe'.
CRITICAL WARNING: [Project 1-19] Could not find the file 'C:/Users/YangJie/Desktop/doing/23-54/48_mul.hex.coe'.
CRITICAL WARNING: [Project 1-19] Could not find the file 'C:/Users/YangJie/Desktop/doing/23-54/49_multu.hex.coe'.
CRITICAL WARNING: [Project 1-19] Could not find the file 'C:/Users/YangJie/Desktop/doing/23-54/54_div.hex.coe'.
CRITICAL WARNING: [Project 1-19] Could not find the file 'C:/Users/YangJie/Desktop/doing/23-54/52_bgez.hex.coe'.
CRITICAL WARNING: [Project 1-19] Could not find the file 'C:/Users/YangJie/Desktop/CP0.coe'.
Scanning sources...
Finished scanning sources
INFO: [IP_Flow 19-234] Refreshing IP repositories
INFO: [IP_Flow 19-1704] No user IP repositories specified
INFO: [IP_Flow 19-2313] Loaded Vivado IP repository 'C:/Xilinx/Vivado/2016.2/data/ip'.
update_compile_order -fileset sources_1
remove_files C:/Users/YangJie/Desktop/CP0.coe
launch_runs impl_1 -to_step write_bitstream -jobs 8
[Sun Jul 02 16:25:05 2023] Launched synth_1...
Run output will be captured here: C:/Users/YangJie/Desktop/doing/CPU/CPU/test/CPU/CPU.runs/synth_1/runme.log
[Sun Jul 02 16:25:05 2023] Launched impl_1...
Run output will be captured here: C:/Users/YangJie/Desktop/doing/CPU/CPU/test/CPU/CPU.runs/impl_1/runme.log
open_hw
connect_hw_server
INFO: [Labtools 27-2285] Connecting to hw_server url TCP:localhost:3121
INFO: [Labtools 27-2222] Launching hw_server...
INFO: [Labtools 27-2221] Launch Output:

****** Xilinx hw_server v2016.2
  **** Build date : Jun  2 2016-16:57:03
    ** Copyright 1986-2016 Xilinx, Inc. All Rights Reserved.


connect_hw_server: Time (s): cpu = 00:00:01 ; elapsed = 00:00:06 . Memory (MB): peak = 953.625 ; gain = 0.000
open_hw_target
INFO: [Labtoolstcl 44-466] Opening hw_target localhost:3121/xilinx_tcf/Digilent/210292743901A
set_property PROGRAM.FILE {C:/Users/YangJie/Desktop/doing/CPU/CPU/test/CPU/CPU.runs/impl_1/top.bit} [lindex [get_hw_devices] 0]
current_hw_device [lindex [get_hw_devices] 0]
refresh_hw_device -update_hw_probes false [lindex [get_hw_devices] 0]
INFO: [Labtools 27-1434] Device xc7a100t (JTAG device index = 0) is programmed with a design that has no supported debug core(s) in it.
WARNING: [Labtools 27-3123] The debug hub core was not detected at User Scan Chain 1 or 3.
Resolution: 
1. Make sure the clock connected to the debug hub (dbg_hub) core is a free running clock and is active OR
2. Manually launch hw_server with -e "set xsdb-user-bscan <C_USER_SCAN_CHAIN scan_chain_number>" to detect the debug hub at User Scan Chain of 2 or 4. To determine the user scan chain setting, open the implemented design and use: get_property C_USER_SCAN_CHAIN [get_debug_cores dbg_hub].
set_property PROBES.FILE {} [lindex [get_hw_devices] 0]
set_property PROGRAM.FILE {C:/Users/YangJie/Desktop/doing/CPU/CPU/test/CPU/CPU.runs/impl_1/top.bit} [lindex [get_hw_devices] 0]
program_hw_devices [lindex [get_hw_devices] 0]
INFO: [Labtools 27-3164] End of startup status: HIGH
refresh_hw_device [lindex [get_hw_devices] 0]
INFO: [Labtools 27-1434] Device xc7a100t (JTAG device index = 0) is programmed with a design that has no supported debug core(s) in it.
WARNING: [Labtools 27-3123] The debug hub core was not detected at User Scan Chain 1 or 3.
Resolution: 
1. Make sure the clock connected to the debug hub (dbg_hub) core is a free running clock and is active OR
2. Manually launch hw_server with -e "set xsdb-user-bscan <C_USER_SCAN_CHAIN scan_chain_number>" to detect the debug hub at User Scan Chain of 2 or 4. To determine the user scan chain setting, open the implemented design and use: get_property C_USER_SCAN_CHAIN [get_debug_cores dbg_hub].
exit
INFO: [Common 17-206] Exiting Vivado at Sun Jul 02 16:29:35 2023...
