Copyright 1986-2016 Xilinx, Inc. All Rights Reserved.
-------------------------------------------------------------------------------------------------------------------------------
| Tool Version     : Vivado v.2016.2 (win64) Build 1577090 Thu Jun  2 16:32:40 MDT 2016
| Date             : Sun Jul 02 16:27:36 2023
| Host             : DESKTOP-25PF8VM running 64-bit major release  (build 9200)
| Command          : report_power -file top_power_routed.rpt -pb top_power_summary_routed.pb -rpx top_power_routed.rpx
| Design           : top
| Device           : xc7a100tcsg324-1
| Design State     : routed
| Grade            : commercial
| Process          : typical
| Characterization : Production
-------------------------------------------------------------------------------------------------------------------------------

Power Report

Table of Contents
-----------------
1. Summary
1.1 On-Chip Components
1.2 Power Supply Summary
1.3 Confidence Level
2. Settings
2.1 Environment
2.2 Clock Constraints
3. Detailed Reports
3.1 By Hierarchy

1. Summary
----------

+--------------------------+----------------------------------+
| Total On-Chip Power (W)  | 32.148 (Junction temp exceeded!) |
| Dynamic (W)              | 31.351                           |
| Device Static (W)        | 0.797                            |
| Effective TJA (C/W)      | 4.6                              |
| Max Ambient (C)          | 0.0                              |
| Junction Temperature (C) | 125.0                            |
| Confidence Level         | Low                              |
| Setting File             | ---                              |
| Simulation Activity File | ---                              |
| Design Nets Matched      | NA                               |
+--------------------------+----------------------------------+


1.1 On-Chip Components
----------------------

+--------------------------+-----------+----------+-----------+-----------------+
| On-Chip                  | Power (W) | Used     | Available | Utilization (%) |
+--------------------------+-----------+----------+-----------+-----------------+
| Slice Logic              |     4.249 |    12531 |       --- |             --- |
|   LUT as Logic           |     3.473 |     7589 |     63400 |           11.97 |
|   CARRY4                 |     0.738 |     1295 |     15850 |            8.17 |
|   Register               |     0.032 |     2616 |    126800 |            2.06 |
|   BUFG                   |     0.006 |       12 |        32 |           37.50 |
|   Others                 |     0.000 |       37 |       --- |             --- |
|   LUT as Distributed RAM |     0.000 |       32 |     19000 |            0.17 |
|   F7/F8 Muxes            |     0.000 |      600 |     63400 |            0.95 |
| Signals                  |     4.509 |    11196 |       --- |             --- |
| DSPs                     |     0.000 |        4 |       240 |            1.67 |
| I/O                      |    22.593 |       18 |       210 |            8.57 |
| Static Power             |     0.797 |          |           |                 |
| Total                    |    32.148 |          |           |                 |
+--------------------------+-----------+----------+-----------+-----------------+


1.2 Power Supply Summary
------------------------

+-----------+-------------+-----------+-------------+------------+
| Source    | Voltage (V) | Total (A) | Dynamic (A) | Static (A) |
+-----------+-------------+-----------+-------------+------------+
| Vccint    |       1.000 |     9.325 |       8.762 |      0.563 |
| Vccaux    |       1.800 |     0.921 |       0.828 |      0.093 |
| Vcco33    |       3.300 |     6.398 |       6.394 |      0.004 |
| Vcco25    |       2.500 |     0.000 |       0.000 |      0.000 |
| Vcco18    |       1.800 |     0.000 |       0.000 |      0.000 |
| Vcco15    |       1.500 |     0.000 |       0.000 |      0.000 |
| Vcco135   |       1.350 |     0.000 |       0.000 |      0.000 |
| Vcco12    |       1.200 |     0.000 |       0.000 |      0.000 |
| Vccaux_io |       1.800 |     0.000 |       0.000 |      0.000 |
| Vccbram   |       1.000 |     0.018 |       0.000 |      0.018 |
| MGTAVcc   |       1.000 |     0.000 |       0.000 |      0.000 |
| MGTAVtt   |       1.200 |     0.000 |       0.000 |      0.000 |
| Vccadc    |       1.800 |     0.020 |       0.000 |      0.020 |
+-----------+-------------+-----------+-------------+------------+


1.3 Confidence Level
--------------------

+-----------------------------+------------+--------------------------------------------------------+--------------------------------------------------------------------------------------------------------------------+
| User Input Data             | Confidence | Details                                                | Action                                                                                                             |
+-----------------------------+------------+--------------------------------------------------------+--------------------------------------------------------------------------------------------------------------------+
| Design implementation state | High       | Design is routed                                       |                                                                                                                    |
| Clock nodes activity        | Low        | User specified less than 75% of clocks                 | Provide missing clock activity with a constraint file, simulation results or by editing the "By Clock Domain" view |
| I/O nodes activity          | Low        | More than 75% of inputs are missing user specification | Provide missing input activity with simulation results or by editing the "By Resource Type -> I/Os" view           |
| Internal nodes activity     | Medium     | User specified less than 25% of internal nodes         | Provide missing internal nodes activity with simulation results or by editing the "By Resource Type" views         |
| Device models               | High       | Device models are Production                           |                                                                                                                    |
|                             |            |                                                        |                                                                                                                    |
| Overall confidence level    | Low        |                                                        |                                                                                                                    |
+-----------------------------+------------+--------------------------------------------------------+--------------------------------------------------------------------------------------------------------------------+


2. Settings
-----------

2.1 Environment
---------------

+-----------------------+--------------------------+
| Ambient Temp (C)      | 25.0                     |
| ThetaJA (C/W)         | 4.6                      |
| Airflow (LFM)         | 250                      |
| Heat Sink             | medium (Medium Profile)  |
| ThetaSA (C/W)         | 4.6                      |
| Board Selection       | medium (10"x10")         |
| # of Board Layers     | 12to15 (12 to 15 Layers) |
| Board Temperature (C) | 25.0                     |
+-----------------------+--------------------------+


2.2 Clock Constraints
---------------------

+-------+--------+-----------------+
| Clock | Domain | Constraint (ns) |
+-------+--------+-----------------+


3. Detailed Reports
-------------------

3.1 By Hierarchy
----------------

+--------------------------+-----------+
| Name                     | Power (W) |
+--------------------------+-----------+
| top                      |    31.351 |
|   clk_wiz_0_inst         |     0.156 |
|   sc                     |     7.843 |
|     DMEM_inst            |     0.000 |
|       mem_reg_0_31_0_0   |     0.000 |
|       mem_reg_0_31_10_10 |     0.000 |
|       mem_reg_0_31_11_11 |     0.000 |
|       mem_reg_0_31_12_12 |     0.000 |
|       mem_reg_0_31_13_13 |     0.000 |
|       mem_reg_0_31_14_14 |     0.000 |
|       mem_reg_0_31_15_15 |     0.000 |
|       mem_reg_0_31_16_16 |     0.000 |
|       mem_reg_0_31_17_17 |     0.000 |
|       mem_reg_0_31_18_18 |     0.000 |
|       mem_reg_0_31_19_19 |     0.000 |
|       mem_reg_0_31_1_1   |     0.000 |
|       mem_reg_0_31_20_20 |     0.000 |
|       mem_reg_0_31_21_21 |     0.000 |
|       mem_reg_0_31_22_22 |     0.000 |
|       mem_reg_0_31_23_23 |     0.000 |
|       mem_reg_0_31_24_24 |     0.000 |
|       mem_reg_0_31_25_25 |     0.000 |
|       mem_reg_0_31_26_26 |     0.000 |
|       mem_reg_0_31_27_27 |     0.000 |
|       mem_reg_0_31_28_28 |     0.000 |
|       mem_reg_0_31_29_29 |     0.000 |
|       mem_reg_0_31_2_2   |     0.000 |
|       mem_reg_0_31_30_30 |     0.000 |
|       mem_reg_0_31_31_31 |     0.000 |
|       mem_reg_0_31_3_3   |     0.000 |
|       mem_reg_0_31_4_4   |     0.000 |
|       mem_reg_0_31_5_5   |     0.000 |
|       mem_reg_0_31_6_6   |     0.000 |
|       mem_reg_0_31_7_7   |     0.000 |
|       mem_reg_0_31_8_8   |     0.000 |
|       mem_reg_0_31_9_9   |     0.000 |
|     IMEM_inst            |     0.000 |
|       IMEM_IP_inst       |     0.000 |
|         U0               |     0.000 |
|     sccpu                |     7.843 |
|       ADD1_inst          |     0.000 |
|       ADD2_inst          |     0.000 |
|       ALU_inst           |     0.000 |
|       CP0_inst           |     0.000 |
|       Controller_inst    |     0.000 |
|       DIV_inst           |     7.664 |
|       EXT_inst           |     0.000 |
|       HI_inst            |     0.000 |
|       LO_inst            |     0.000 |
|       MUL_inst           |     0.000 |
|       MUX1_inst          |     0.000 |
|       MUX2_inst          |     0.000 |
|       MUX3_inst          |     0.000 |
|       MUX4_inst          |     0.000 |
|       MUX5_inst          |     0.000 |
|       MUX6_inst          |     0.000 |
|       PC_inst            |     0.000 |
|       cpu_ref            |     0.179 |
|   seg7x16_inst           |     0.742 |
+--------------------------+-----------+


